  [1m[36m (3.1ms)[0m  [1mCREATE TABLE "schema_migrations" ("version" varchar(255) NOT NULL) [0m
  [1m[35m (3.3ms)[0m  select sqlite_version(*)
  [1m[36m (3.7ms)[0m  [1mCREATE UNIQUE INDEX "unique_schema_migrations" ON "schema_migrations" ("version")[0m
  [1m[35mActiveRecord::SchemaMigration Load (0.2ms)[0m  SELECT "schema_migrations".* FROM "schema_migrations"
Migrating to CreateUsers (20150226201041)
  [1m[36m (0.1ms)[0m  [1mbegin transaction[0m
  [1m[35m (0.7ms)[0m  CREATE TABLE "users" ("id" INTEGER PRIMARY KEY AUTOINCREMENT NOT NULL, "name" varchar(255), "email" varchar(255), "created_at" datetime, "updated_at" datetime) 
  [1m[36mSQL (0.3ms)[0m  [1mINSERT INTO "schema_migrations" ("version") VALUES (?)[0m  [["version", "20150226201041"]]
  [1m[35m (2.9ms)[0m  commit transaction
Migrating to CreateCats (20150226201119)
  [1m[36m (0.1ms)[0m  [1mbegin transaction[0m
  [1m[35m (0.6ms)[0m  CREATE TABLE "cats" ("id" INTEGER PRIMARY KEY AUTOINCREMENT NOT NULL, "name" varchar(255)) 
  [1m[36mSQL (0.2ms)[0m  [1mINSERT INTO "schema_migrations" ("version") VALUES (?)[0m  [["version", "20150226201119"]]
  [1m[35m (2.7ms)[0m  commit transaction
  [1m[36mActiveRecord::SchemaMigration Load (0.2ms)[0m  [1mSELECT "schema_migrations".* FROM "schema_migrations"[0m
  [1m[36mActiveRecord::SchemaMigration Load (0.1ms)[0m  [1mSELECT "schema_migrations".* FROM "schema_migrations"[0m
  [1m[35mActiveRecord::SchemaMigration Load (0.1ms)[0m  SELECT "schema_migrations".* FROM "schema_migrations"
  [1m[36mActiveRecord::SchemaMigration Load (0.1ms)[0m  [1mSELECT "schema_migrations".* FROM "schema_migrations"[0m
  [1m[35mActiveRecord::SchemaMigration Load (0.1ms)[0m  SELECT "schema_migrations".* FROM "schema_migrations"
  [1m[36mActiveRecord::SchemaMigration Load (0.2ms)[0m  [1mSELECT "schema_migrations".* FROM "schema_migrations"[0m
  [1m[35mActiveRecord::SchemaMigration Load (0.1ms)[0m  SELECT "schema_migrations".* FROM "schema_migrations"
  [1m[36mActiveRecord::SchemaMigration Load (0.1ms)[0m  [1mSELECT "schema_migrations".* FROM "schema_migrations"[0m
Migrating to AddAgeToUsers (20151002181148)
  [1m[35m (0.2ms)[0m  begin transaction
  [1m[36m (0.5ms)[0m  [1mALTER TABLE "users" ADD "age" integer[0m
  [1m[35mSQL (0.2ms)[0m  INSERT INTO "schema_migrations" ("version") VALUES (?)  [["version", "20151002181148"]]
  [1m[36m (2.6ms)[0m  [1mcommit transaction[0m
  [1m[35mActiveRecord::SchemaMigration Load (0.1ms)[0m  SELECT "schema_migrations".* FROM "schema_migrations"
  [1m[36mActiveRecord::SchemaMigration Load (0.1ms)[0m  [1mSELECT "schema_migrations".* FROM "schema_migrations"[0m
  [1m[35mActiveRecord::SchemaMigration Load (0.2ms)[0m  SELECT "schema_migrations".* FROM "schema_migrations"
  [1m[36mActiveRecord::SchemaMigration Load (0.1ms)[0m  [1mSELECT "schema_migrations".* FROM "schema_migrations"[0m
  [1m[35mActiveRecord::SchemaMigration Load (0.2ms)[0m  SELECT "schema_migrations".* FROM "schema_migrations"
  [1m[36mActiveRecord::SchemaMigration Load (0.1ms)[0m  [1mSELECT "schema_migrations".* FROM "schema_migrations"[0m
  [1m[35mActiveRecord::SchemaMigration Load (0.2ms)[0m  SELECT "schema_migrations".* FROM "schema_migrations"
  [1m[36mActiveRecord::SchemaMigration Load (0.2ms)[0m  [1mSELECT "schema_migrations".* FROM "schema_migrations"[0m
  [1m[35mActiveRecord::SchemaMigration Load (0.1ms)[0m  SELECT "schema_migrations".* FROM "schema_migrations"
  [1m[36mActiveRecord::SchemaMigration Load (0.1ms)[0m  [1mSELECT "schema_migrations".* FROM "schema_migrations"[0m
Migrating to RenameColumnFromUsers (20151002182547)
  [1m[35m (0.1ms)[0m  begin transaction
  [1m[36m (0.7ms)[0m  [1mCREATE TEMPORARY TABLE "ausers" ("id" INTEGER PRIMARY KEY AUTOINCREMENT NOT NULL, "username" varchar(255), "email" varchar(255), "created_at" datetime, "updated_at" datetime, "age" integer) [0m
  [1m[35m (0.1ms)[0m  SELECT * FROM "users"
  [1m[36m (0.3ms)[0m  [1mDROP TABLE "users"[0m
  [1m[35m (0.2ms)[0m  CREATE TABLE "users" ("id" INTEGER PRIMARY KEY AUTOINCREMENT NOT NULL, "username" varchar(255), "email" varchar(255), "created_at" datetime, "updated_at" datetime, "age" integer) 
  [1m[36m (0.1ms)[0m  [1mSELECT * FROM "ausers"[0m
  [1m[35m (0.4ms)[0m  DROP TABLE "ausers"
  [1m[36mSQL (0.2ms)[0m  [1mINSERT INTO "schema_migrations" ("version") VALUES (?)[0m  [["version", "20151002182547"]]
  [1m[35m (2.9ms)[0m  commit transaction
  [1m[36mActiveRecord::SchemaMigration Load (0.1ms)[0m  [1mSELECT "schema_migrations".* FROM "schema_migrations"[0m
  [1m[36mActiveRecord::SchemaMigration Load (0.1ms)[0m  [1mSELECT "schema_migrations".* FROM "schema_migrations"[0m
Migrating to CreateTodos (20151002183356)
  [1m[35m (0.1ms)[0m  begin transaction
  [1m[36m (0.5ms)[0m  [1mCREATE TABLE "todos" ("id" INTEGER PRIMARY KEY AUTOINCREMENT NOT NULL, "tasks" varchar(255), "finished" boolean, "created_at" datetime, "updated_at" datetime) [0m
  [1m[35mSQL (0.2ms)[0m  INSERT INTO "schema_migrations" ("version") VALUES (?)  [["version", "20151002183356"]]
  [1m[36m (2.6ms)[0m  [1mcommit transaction[0m
  [1m[35mActiveRecord::SchemaMigration Load (0.2ms)[0m  SELECT "schema_migrations".* FROM "schema_migrations"


Started GET "/" for 127.0.0.1 at 2015-10-02 11:40:29 -0700
  [1m[36mActiveRecord::SchemaMigration Load (0.2ms)[0m  [1mSELECT "schema_migrations".* FROM "schema_migrations"[0m
Processing by PagesController#home as HTML
  Rendered pages/home.html.erb within layouts/application (6.6ms)
Completed 200 OK in 1790ms (Views: 1773.6ms | ActiveRecord: 0.0ms)


Started GET "/assets/application.self-e80e8f2318043e8af94dddc2adad5a4f09739a8ebb323b3ab31cd71d45fd9113.css?body=1" for 127.0.0.1 at 2015-10-02 11:40:31 -0700


Started GET "/assets/jquery.self-4c7649dd655c61cb850cfd2e71f937c3bbf3e3a752a3499ed8bb9884473fe1dd.js?body=1" for 127.0.0.1 at 2015-10-02 11:40:31 -0700


Started GET "/assets/jquery_ujs.self-82819b9f2de121124a614eeab50287468ad6f4b1ef4437925a7832ffbdf2cce9.js?body=1" for 127.0.0.1 at 2015-10-02 11:40:32 -0700


Started GET "/assets/application.self-3a3c8b61bda630ee689740ce7cbd0dd8ea6fdd45e2c42eef4661ab38cf268afe.js?body=1" for 127.0.0.1 at 2015-10-02 11:40:32 -0700


Started GET "/assets/turbolinks.self-c37727e9bd6b2735da5c311aa83fead54ed0be6cc8bd9a65309e9c5abe2cbfff.js?body=1" for 127.0.0.1 at 2015-10-02 11:40:32 -0700
  [1m[36mUser Load (1.4ms)[0m  [1mSELECT "users".* FROM "users"[0m
  [1m[35m (0.2ms)[0m  begin transaction
  [1m[36mSQL (0.7ms)[0m  [1mINSERT INTO "users" ("age", "created_at", "updated_at", "username") VALUES (?, ?, ?, ?)[0m  [["age", 20], ["created_at", "2015-10-02 18:41:16.438966"], ["updated_at", "2015-10-02 18:41:16.438966"], ["username", "chris"]]
  [1m[35m (2.9ms)[0m  commit transaction
  [1m[36m (0.1ms)[0m  [1mbegin transaction[0m
  [1m[35mSQL (0.7ms)[0m  UPDATE "users" SET "email" = ?, "updated_at" = ? WHERE "users"."id" = 1  [["email", "chrisvle@berkeley.edu"], ["updated_at", "2015-10-02 18:41:46.667066"]]
  [1m[36m (2.9ms)[0m  [1mcommit transaction[0m
  [1m[36mUser Load (1.6ms)[0m  [1mSELECT "users".* FROM "users"[0m
  [1m[35m (0.2ms)[0m  begin transaction
  [1m[36mSQL (0.5ms)[0m  [1mINSERT INTO "users" ("age", "created_at", "email", "updated_at", "username") VALUES (?, ?, ?, ?, ?)[0m  [["age", 40], ["created_at", "2015-10-02 18:43:12.657855"], ["email", "js@gmail.com"], ["updated_at", "2015-10-02 18:43:12.657855"], ["username", "JohnSmith"]]
  [1m[35m (2.6ms)[0m  commit transaction
  [1m[36mUser Load (1.5ms)[0m  [1mSELECT "users".* FROM "users"[0m


Started GET "/" for 127.0.0.1 at 2015-10-02 11:43:33 -0700
Processing by PagesController#home as HTML
  Rendered pages/home.html.erb within layouts/application (0.1ms)
Completed 200 OK in 58ms (Views: 56.3ms | ActiveRecord: 0.0ms)


Started GET "/assets/application.self-e80e8f2318043e8af94dddc2adad5a4f09739a8ebb323b3ab31cd71d45fd9113.css?body=1" for 127.0.0.1 at 2015-10-02 11:43:33 -0700


Started GET "/assets/jquery_ujs.self-82819b9f2de121124a614eeab50287468ad6f4b1ef4437925a7832ffbdf2cce9.js?body=1" for 127.0.0.1 at 2015-10-02 11:43:33 -0700


Started GET "/assets/jquery.self-4c7649dd655c61cb850cfd2e71f937c3bbf3e3a752a3499ed8bb9884473fe1dd.js?body=1" for 127.0.0.1 at 2015-10-02 11:43:33 -0700


Started GET "/assets/turbolinks.self-c37727e9bd6b2735da5c311aa83fead54ed0be6cc8bd9a65309e9c5abe2cbfff.js?body=1" for 127.0.0.1 at 2015-10-02 11:43:33 -0700


Started GET "/assets/application.self-3a3c8b61bda630ee689740ce7cbd0dd8ea6fdd45e2c42eef4661ab38cf268afe.js?body=1" for 127.0.0.1 at 2015-10-02 11:43:33 -0700


Started GET "/" for 127.0.0.1 at 2015-10-02 11:43:34 -0700
Processing by PagesController#home as HTML
  Rendered pages/home.html.erb within layouts/application (0.0ms)
Completed 200 OK in 47ms (Views: 46.6ms | ActiveRecord: 0.0ms)


Started GET "/" for 127.0.0.1 at 2015-10-02 11:43:36 -0700
Processing by PagesController#home as HTML
  Rendered pages/home.html.erb within layouts/application (0.0ms)
Completed 200 OK in 34ms (Views: 33.7ms | ActiveRecord: 0.0ms)


Started GET "/" for 127.0.0.1 at 2015-10-02 11:43:49 -0700
  [1m[36mActiveRecord::SchemaMigration Load (0.1ms)[0m  [1mSELECT "schema_migrations".* FROM "schema_migrations"[0m
Processing by PagesController#home as HTML
  Rendered pages/home.html.erb within layouts/application (2.2ms)
Completed 200 OK in 273ms (Views: 260.2ms | ActiveRecord: 0.0ms)


Started GET "/" for 127.0.0.1 at 2015-10-02 11:43:51 -0700
Processing by PagesController#home as HTML
  Rendered pages/home.html.erb within layouts/application (0.1ms)
Completed 200 OK in 37ms (Views: 36.1ms | ActiveRecord: 0.0ms)


Started GET "/" for 127.0.0.1 at 2015-10-02 11:44:01 -0700
Processing by PagesController#home as HTML
  Rendered pages/home.html.erb within layouts/application (0.0ms)
Completed 200 OK in 44ms (Views: 43.1ms | ActiveRecord: 0.0ms)


Started GET "/" for 127.0.0.1 at 2015-10-02 11:46:13 -0700
Processing by PagesController#home as HTML
  Rendered pages/home.html.erb within layouts/application (0.5ms)
Completed 200 OK in 37ms (Views: 36.6ms | ActiveRecord: 0.0ms)


Started GET "/assets/application.self-e80e8f2318043e8af94dddc2adad5a4f09739a8ebb323b3ab31cd71d45fd9113.css?body=1" for 127.0.0.1 at 2015-10-02 11:46:13 -0700


Started GET "/assets/jquery.self-4c7649dd655c61cb850cfd2e71f937c3bbf3e3a752a3499ed8bb9884473fe1dd.js?body=1" for 127.0.0.1 at 2015-10-02 11:46:13 -0700


Started GET "/assets/turbolinks.self-c37727e9bd6b2735da5c311aa83fead54ed0be6cc8bd9a65309e9c5abe2cbfff.js?body=1" for 127.0.0.1 at 2015-10-02 11:46:13 -0700


Started GET "/assets/application.self-3a3c8b61bda630ee689740ce7cbd0dd8ea6fdd45e2c42eef4661ab38cf268afe.js?body=1" for 127.0.0.1 at 2015-10-02 11:46:13 -0700


Started GET "/assets/jquery_ujs.self-82819b9f2de121124a614eeab50287468ad6f4b1ef4437925a7832ffbdf2cce9.js?body=1" for 127.0.0.1 at 2015-10-02 11:46:13 -0700


Started GET "/" for 127.0.0.1 at 2015-10-02 11:46:25 -0700
Processing by PagesController#home as HTML
  Rendered pages/home.html.erb within layouts/application (0.3ms)
Completed 200 OK in 36ms (Views: 35.7ms | ActiveRecord: 0.0ms)


Started GET "/assets/application.self-e80e8f2318043e8af94dddc2adad5a4f09739a8ebb323b3ab31cd71d45fd9113.css?body=1" for 127.0.0.1 at 2015-10-02 11:46:26 -0700


Started GET "/assets/jquery.self-4c7649dd655c61cb850cfd2e71f937c3bbf3e3a752a3499ed8bb9884473fe1dd.js?body=1" for 127.0.0.1 at 2015-10-02 11:46:26 -0700


Started GET "/assets/application.self-3a3c8b61bda630ee689740ce7cbd0dd8ea6fdd45e2c42eef4661ab38cf268afe.js?body=1" for 127.0.0.1 at 2015-10-02 11:46:26 -0700


Started GET "/assets/jquery_ujs.self-82819b9f2de121124a614eeab50287468ad6f4b1ef4437925a7832ffbdf2cce9.js?body=1" for 127.0.0.1 at 2015-10-02 11:46:26 -0700


Started GET "/assets/turbolinks.self-c37727e9bd6b2735da5c311aa83fead54ed0be6cc8bd9a65309e9c5abe2cbfff.js?body=1" for 127.0.0.1 at 2015-10-02 11:46:26 -0700


Started GET "/" for 127.0.0.1 at 2015-10-02 11:47:02 -0700
Processing by PagesController#home as HTML
  Rendered pages/home.html.erb within layouts/application (0.3ms)
Completed 200 OK in 32ms (Views: 31.3ms | ActiveRecord: 0.0ms)


Started GET "/assets/application.self-e80e8f2318043e8af94dddc2adad5a4f09739a8ebb323b3ab31cd71d45fd9113.css?body=1" for 127.0.0.1 at 2015-10-02 11:47:02 -0700


Started GET "/assets/jquery.self-4c7649dd655c61cb850cfd2e71f937c3bbf3e3a752a3499ed8bb9884473fe1dd.js?body=1" for 127.0.0.1 at 2015-10-02 11:47:02 -0700


Started GET "/assets/jquery_ujs.self-82819b9f2de121124a614eeab50287468ad6f4b1ef4437925a7832ffbdf2cce9.js?body=1" for 127.0.0.1 at 2015-10-02 11:47:02 -0700


Started GET "/assets/turbolinks.self-c37727e9bd6b2735da5c311aa83fead54ed0be6cc8bd9a65309e9c5abe2cbfff.js?body=1" for 127.0.0.1 at 2015-10-02 11:47:02 -0700


Started GET "/assets/application.self-3a3c8b61bda630ee689740ce7cbd0dd8ea6fdd45e2c42eef4661ab38cf268afe.js?body=1" for 127.0.0.1 at 2015-10-02 11:47:02 -0700


Started GET "/" for 127.0.0.1 at 2015-10-02 11:49:39 -0700
Processing by PagesController#home as HTML
  [1m[35mUser Load (0.2ms)[0m  SELECT "users".* FROM "users"
  Rendered pages/home.html.erb within layouts/application (18.0ms)
Completed 500 Internal Server Error in 25ms

ActionView::Template::Error (undefined method `name' for #<User:0x007fc7c28f2398>):
    10: 
    11:    <% @users.each do |user| %>
    12:   <tr>
    13:     <td><%= user.name %></td>
    14:     <td><%= user.age %></td>
    15:     <td><%= user.email %></td>
    16:   </tr>
  app/views/pages/home.html.erb:13:in `block in _app_views_pages_home_html_erb___1956767894478974396_70247969671280'
  app/views/pages/home.html.erb:11:in `_app_views_pages_home_html_erb___1956767894478974396_70247969671280'


  Rendered /Users/Chris/.rvm/gems/ruby-2.2.0@rails_decal/gems/actionpack-4.1.5/lib/action_dispatch/middleware/templates/rescues/_trace.html.erb (1.6ms)
  Rendered /Users/Chris/.rvm/gems/ruby-2.2.0@rails_decal/gems/actionpack-4.1.5/lib/action_dispatch/middleware/templates/rescues/_request_and_response.html.erb (1.0ms)
  Rendered /Users/Chris/.rvm/gems/ruby-2.2.0@rails_decal/gems/actionpack-4.1.5/lib/action_dispatch/middleware/templates/rescues/template_error.html.erb within rescues/layout (52.5ms)
  Rendered /Users/Chris/.rvm/gems/ruby-2.2.0@rails_decal/gems/web-console-2.2.1/lib/web_console/templates/_markup.html.erb (0.4ms)
  Rendered /Users/Chris/.rvm/gems/ruby-2.2.0@rails_decal/gems/web-console-2.2.1/lib/web_console/templates/_inner_console_markup.html.erb within layouts/inlined_string (0.4ms)
  Rendered /Users/Chris/.rvm/gems/ruby-2.2.0@rails_decal/gems/web-console-2.2.1/lib/web_console/templates/_prompt_box_markup.html.erb within layouts/inlined_string (0.4ms)
  Rendered /Users/Chris/.rvm/gems/ruby-2.2.0@rails_decal/gems/web-console-2.2.1/lib/web_console/templates/style.css.erb within layouts/inlined_string (0.5ms)
  Rendered /Users/Chris/.rvm/gems/ruby-2.2.0@rails_decal/gems/web-console-2.2.1/lib/web_console/templates/console.js.erb within layouts/javascript (72.6ms)
  Rendered /Users/Chris/.rvm/gems/ruby-2.2.0@rails_decal/gems/web-console-2.2.1/lib/web_console/templates/main.js.erb within layouts/javascript (0.6ms)
  Rendered /Users/Chris/.rvm/gems/ruby-2.2.0@rails_decal/gems/web-console-2.2.1/lib/web_console/templates/error_page.js.erb within layouts/javascript (0.7ms)
  Rendered /Users/Chris/.rvm/gems/ruby-2.2.0@rails_decal/gems/web-console-2.2.1/lib/web_console/templates/index.html.erb (173.1ms)
  [1m[36mUser Load (2.7ms)[0m  [1mSELECT "users".* FROM "users"[0m
  [1m[35mUser Load (0.3ms)[0m  SELECT  "users".* FROM "users"  WHERE "users"."id" = ? LIMIT 1  [["id", 1]]
  [1m[36mUser Load (0.3ms)[0m  [1mSELECT  "users".* FROM "users"  WHERE "users"."id" = ? LIMIT 1[0m  [["id", 1]]
  [1m[36m (0.2ms)[0m  [1mSELECT "users"."username" FROM "users"[0m
  [1m[35mUser Load (0.3ms)[0m  SELECT  "users".* FROM "users"  WHERE "users"."id" = ? LIMIT 1  [["id", 1]]


Started GET "/" for 127.0.0.1 at 2015-10-02 12:11:50 -0700
Processing by PagesController#home as HTML
  [1m[36mUser Load (0.1ms)[0m  [1mSELECT "users".* FROM "users"[0m
  Rendered pages/home.html.erb within layouts/application (1.1ms)
Completed 200 OK in 35ms (Views: 33.9ms | ActiveRecord: 0.1ms)


Started GET "/assets/application.self-e80e8f2318043e8af94dddc2adad5a4f09739a8ebb323b3ab31cd71d45fd9113.css?body=1" for 127.0.0.1 at 2015-10-02 12:11:50 -0700


Started GET "/assets/jquery.self-4c7649dd655c61cb850cfd2e71f937c3bbf3e3a752a3499ed8bb9884473fe1dd.js?body=1" for 127.0.0.1 at 2015-10-02 12:11:50 -0700


Started GET "/assets/jquery_ujs.self-82819b9f2de121124a614eeab50287468ad6f4b1ef4437925a7832ffbdf2cce9.js?body=1" for 127.0.0.1 at 2015-10-02 12:11:51 -0700


Started GET "/assets/turbolinks.self-c37727e9bd6b2735da5c311aa83fead54ed0be6cc8bd9a65309e9c5abe2cbfff.js?body=1" for 127.0.0.1 at 2015-10-02 12:11:51 -0700


Started GET "/assets/application.self-3a3c8b61bda630ee689740ce7cbd0dd8ea6fdd45e2c42eef4661ab38cf268afe.js?body=1" for 127.0.0.1 at 2015-10-02 12:11:51 -0700


Started GET "/" for 127.0.0.1 at 2015-10-02 12:12:14 -0700
Processing by PagesController#home as HTML
  [1m[35mUser Load (0.1ms)[0m  SELECT "users".* FROM "users"
  Rendered pages/home.html.erb within layouts/application (1.1ms)
Completed 200 OK in 59ms (Views: 58.2ms | ActiveRecord: 0.1ms)


Started GET "/assets/application.self-e80e8f2318043e8af94dddc2adad5a4f09739a8ebb323b3ab31cd71d45fd9113.css?body=1" for 127.0.0.1 at 2015-10-02 12:12:14 -0700


Started GET "/assets/jquery.self-4c7649dd655c61cb850cfd2e71f937c3bbf3e3a752a3499ed8bb9884473fe1dd.js?body=1" for 127.0.0.1 at 2015-10-02 12:12:14 -0700


Started GET "/assets/jquery_ujs.self-82819b9f2de121124a614eeab50287468ad6f4b1ef4437925a7832ffbdf2cce9.js?body=1" for 127.0.0.1 at 2015-10-02 12:12:14 -0700


Started GET "/assets/turbolinks.self-c37727e9bd6b2735da5c311aa83fead54ed0be6cc8bd9a65309e9c5abe2cbfff.js?body=1" for 127.0.0.1 at 2015-10-02 12:12:14 -0700


Started GET "/assets/application.self-3a3c8b61bda630ee689740ce7cbd0dd8ea6fdd45e2c42eef4661ab38cf268afe.js?body=1" for 127.0.0.1 at 2015-10-02 12:12:14 -0700


Started GET "/" for 127.0.0.1 at 2015-10-02 12:12:59 -0700
Processing by PagesController#home as HTML
  [1m[36mUser Load (0.1ms)[0m  [1mSELECT "users".* FROM "users"[0m
  Rendered pages/home.html.erb within layouts/application (1.4ms)
Completed 200 OK in 45ms (Views: 43.8ms | ActiveRecord: 0.1ms)


Started GET "/assets/application.self-e80e8f2318043e8af94dddc2adad5a4f09739a8ebb323b3ab31cd71d45fd9113.css?body=1" for 127.0.0.1 at 2015-10-02 12:12:59 -0700


Started GET "/assets/jquery.self-4c7649dd655c61cb850cfd2e71f937c3bbf3e3a752a3499ed8bb9884473fe1dd.js?body=1" for 127.0.0.1 at 2015-10-02 12:12:59 -0700


Started GET "/assets/jquery_ujs.self-82819b9f2de121124a614eeab50287468ad6f4b1ef4437925a7832ffbdf2cce9.js?body=1" for 127.0.0.1 at 2015-10-02 12:12:59 -0700


Started GET "/assets/turbolinks.self-c37727e9bd6b2735da5c311aa83fead54ed0be6cc8bd9a65309e9c5abe2cbfff.js?body=1" for 127.0.0.1 at 2015-10-02 12:12:59 -0700


Started GET "/assets/application.self-3a3c8b61bda630ee689740ce7cbd0dd8ea6fdd45e2c42eef4661ab38cf268afe.js?body=1" for 127.0.0.1 at 2015-10-02 12:12:59 -0700


Started GET "/" for 127.0.0.1 at 2015-10-02 12:13:08 -0700
Processing by PagesController#home as HTML
  [1m[35mUser Load (0.2ms)[0m  SELECT "users".* FROM "users"
  Rendered pages/home.html.erb within layouts/application (1.6ms)
Completed 200 OK in 75ms (Views: 73.7ms | ActiveRecord: 0.2ms)


Started GET "/assets/turbolinks.self-c37727e9bd6b2735da5c311aa83fead54ed0be6cc8bd9a65309e9c5abe2cbfff.js?body=1" for 127.0.0.1 at 2015-10-02 12:13:08 -0700


Started GET "/assets/jquery.self-4c7649dd655c61cb850cfd2e71f937c3bbf3e3a752a3499ed8bb9884473fe1dd.js?body=1" for 127.0.0.1 at 2015-10-02 12:13:08 -0700


Started GET "/assets/application.self-e80e8f2318043e8af94dddc2adad5a4f09739a8ebb323b3ab31cd71d45fd9113.css?body=1" for 127.0.0.1 at 2015-10-02 12:13:08 -0700


Started GET "/assets/jquery_ujs.self-82819b9f2de121124a614eeab50287468ad6f4b1ef4437925a7832ffbdf2cce9.js?body=1" for 127.0.0.1 at 2015-10-02 12:13:08 -0700


Started GET "/assets/application.self-3a3c8b61bda630ee689740ce7cbd0dd8ea6fdd45e2c42eef4661ab38cf268afe.js?body=1" for 127.0.0.1 at 2015-10-02 12:13:08 -0700


Started GET "/" for 127.0.0.1 at 2015-10-02 12:13:24 -0700
Processing by PagesController#home as HTML
  [1m[36mUser Load (0.2ms)[0m  [1mSELECT "users".* FROM "users"[0m
  Rendered pages/home.html.erb within layouts/application (1.6ms)
Completed 200 OK in 46ms (Views: 45.2ms | ActiveRecord: 0.2ms)


Started GET "/assets/application.self-e80e8f2318043e8af94dddc2adad5a4f09739a8ebb323b3ab31cd71d45fd9113.css?body=1" for 127.0.0.1 at 2015-10-02 12:13:24 -0700


Started GET "/assets/jquery.self-4c7649dd655c61cb850cfd2e71f937c3bbf3e3a752a3499ed8bb9884473fe1dd.js?body=1" for 127.0.0.1 at 2015-10-02 12:13:24 -0700


Started GET "/assets/jquery_ujs.self-82819b9f2de121124a614eeab50287468ad6f4b1ef4437925a7832ffbdf2cce9.js?body=1" for 127.0.0.1 at 2015-10-02 12:13:24 -0700


Started GET "/assets/turbolinks.self-c37727e9bd6b2735da5c311aa83fead54ed0be6cc8bd9a65309e9c5abe2cbfff.js?body=1" for 127.0.0.1 at 2015-10-02 12:13:24 -0700


Started GET "/assets/application.self-3a3c8b61bda630ee689740ce7cbd0dd8ea6fdd45e2c42eef4661ab38cf268afe.js?body=1" for 127.0.0.1 at 2015-10-02 12:13:24 -0700


Started GET "/" for 127.0.0.1 at 2015-10-02 12:14:22 -0700
Processing by PagesController#home as HTML
  [1m[35mUser Load (0.1ms)[0m  SELECT "users".* FROM "users"
  Rendered pages/home.html.erb within layouts/application (1.5ms)
Completed 200 OK in 73ms (Views: 72.6ms | ActiveRecord: 0.1ms)


Started GET "/assets/application.self-80b6a0cb27d0221b0973a640832e40310f75464e7e59c18a44ee7b3fe4667bd9.css?body=1" for 127.0.0.1 at 2015-10-02 12:14:22 -0700


Started GET "/assets/jquery.self-4c7649dd655c61cb850cfd2e71f937c3bbf3e3a752a3499ed8bb9884473fe1dd.js?body=1" for 127.0.0.1 at 2015-10-02 12:14:22 -0700


Started GET "/assets/jquery_ujs.self-82819b9f2de121124a614eeab50287468ad6f4b1ef4437925a7832ffbdf2cce9.js?body=1" for 127.0.0.1 at 2015-10-02 12:14:22 -0700


Started GET "/assets/turbolinks.self-c37727e9bd6b2735da5c311aa83fead54ed0be6cc8bd9a65309e9c5abe2cbfff.js?body=1" for 127.0.0.1 at 2015-10-02 12:14:22 -0700


Started GET "/assets/application.self-3a3c8b61bda630ee689740ce7cbd0dd8ea6fdd45e2c42eef4661ab38cf268afe.js?body=1" for 127.0.0.1 at 2015-10-02 12:14:22 -0700


Started GET "/" for 127.0.0.1 at 2015-10-02 12:16:26 -0700
Processing by PagesController#home as HTML
  [1m[36mUser Load (0.1ms)[0m  [1mSELECT "users".* FROM "users"[0m
  Rendered pages/home.html.erb within layouts/application (1.1ms)
Completed 200 OK in 38ms (Views: 37.5ms | ActiveRecord: 0.1ms)


Started GET "/assets/application.self-e80e8f2318043e8af94dddc2adad5a4f09739a8ebb323b3ab31cd71d45fd9113.css?body=1" for 127.0.0.1 at 2015-10-02 12:16:26 -0700


Started GET "/assets/jquery.self-4c7649dd655c61cb850cfd2e71f937c3bbf3e3a752a3499ed8bb9884473fe1dd.js?body=1" for 127.0.0.1 at 2015-10-02 12:16:26 -0700


Started GET "/assets/turbolinks.self-c37727e9bd6b2735da5c311aa83fead54ed0be6cc8bd9a65309e9c5abe2cbfff.js?body=1" for 127.0.0.1 at 2015-10-02 12:16:26 -0700


Started GET "/assets/jquery_ujs.self-82819b9f2de121124a614eeab50287468ad6f4b1ef4437925a7832ffbdf2cce9.js?body=1" for 127.0.0.1 at 2015-10-02 12:16:26 -0700


Started GET "/assets/application.self-3a3c8b61bda630ee689740ce7cbd0dd8ea6fdd45e2c42eef4661ab38cf268afe.js?body=1" for 127.0.0.1 at 2015-10-02 12:16:26 -0700


Started GET "/" for 127.0.0.1 at 2015-10-02 12:16:54 -0700
Processing by PagesController#home as HTML
  [1m[35mUser Load (0.1ms)[0m  SELECT "users".* FROM "users"
  Rendered pages/home.html.erb within layouts/application (1.2ms)
Completed 200 OK in 36ms (Views: 35.1ms | ActiveRecord: 0.1ms)


Started GET "/assets/application.self-e80e8f2318043e8af94dddc2adad5a4f09739a8ebb323b3ab31cd71d45fd9113.css?body=1" for 127.0.0.1 at 2015-10-02 12:16:54 -0700


Started GET "/assets/jquery.self-4c7649dd655c61cb850cfd2e71f937c3bbf3e3a752a3499ed8bb9884473fe1dd.js?body=1" for 127.0.0.1 at 2015-10-02 12:16:54 -0700


Started GET "/assets/jquery_ujs.self-82819b9f2de121124a614eeab50287468ad6f4b1ef4437925a7832ffbdf2cce9.js?body=1" for 127.0.0.1 at 2015-10-02 12:16:54 -0700


Started GET "/assets/turbolinks.self-c37727e9bd6b2735da5c311aa83fead54ed0be6cc8bd9a65309e9c5abe2cbfff.js?body=1" for 127.0.0.1 at 2015-10-02 12:16:54 -0700


Started GET "/assets/application.self-3a3c8b61bda630ee689740ce7cbd0dd8ea6fdd45e2c42eef4661ab38cf268afe.js?body=1" for 127.0.0.1 at 2015-10-02 12:16:54 -0700


Started GET "/" for 127.0.0.1 at 2015-10-02 12:17:36 -0700
Processing by PagesController#home as HTML
  [1m[36mUser Load (0.2ms)[0m  [1mSELECT "users".* FROM "users"[0m
  Rendered pages/home.html.erb within layouts/application (1.5ms)
Completed 200 OK in 38ms (Views: 36.7ms | ActiveRecord: 0.2ms)


Started GET "/assets/application.self-e80e8f2318043e8af94dddc2adad5a4f09739a8ebb323b3ab31cd71d45fd9113.css?body=1" for 127.0.0.1 at 2015-10-02 12:17:36 -0700


Started GET "/assets/jquery.self-4c7649dd655c61cb850cfd2e71f937c3bbf3e3a752a3499ed8bb9884473fe1dd.js?body=1" for 127.0.0.1 at 2015-10-02 12:17:37 -0700


Started GET "/assets/jquery_ujs.self-82819b9f2de121124a614eeab50287468ad6f4b1ef4437925a7832ffbdf2cce9.js?body=1" for 127.0.0.1 at 2015-10-02 12:17:37 -0700


Started GET "/assets/turbolinks.self-c37727e9bd6b2735da5c311aa83fead54ed0be6cc8bd9a65309e9c5abe2cbfff.js?body=1" for 127.0.0.1 at 2015-10-02 12:17:37 -0700


Started GET "/assets/application.self-3a3c8b61bda630ee689740ce7cbd0dd8ea6fdd45e2c42eef4661ab38cf268afe.js?body=1" for 127.0.0.1 at 2015-10-02 12:17:37 -0700
  [1m[36m (0.1ms)[0m  [1mbegin transaction[0m
  [1m[35mSQL (0.5ms)[0m  INSERT INTO "cats" ("name") VALUES (?)  [["name", "Fluffy"]]
  [1m[36m (2.4ms)[0m  [1mcommit transaction[0m
  [1m[35m (0.2ms)[0m  begin transaction
  [1m[36mSQL (0.7ms)[0m  [1mINSERT INTO "cats" ("name") VALUES (?)[0m  [["name", "Jack"]]
  [1m[35m (3.4ms)[0m  commit transaction
  [1m[36m (0.2ms)[0m  [1mbegin transaction[0m
  [1m[35mSQL (0.4ms)[0m  INSERT INTO "todos" ("created_at", "finished", "tasks", "updated_at") VALUES (?, ?, ?, ?)  [["created_at", "2015-10-02 20:41:32.436513"], ["finished", "f"], ["tasks", "Groceries"], ["updated_at", "2015-10-02 20:41:32.436513"]]
  [1m[36m (2.5ms)[0m  [1mcommit transaction[0m
  [1m[35m (0.2ms)[0m  begin transaction
  [1m[36mSQL (0.8ms)[0m  [1mINSERT INTO "todos" ("created_at", "finished", "tasks", "updated_at") VALUES (?, ?, ?, ?)[0m  [["created_at", "2015-10-02 20:41:52.036800"], ["finished", "f"], ["tasks", "HW3"], ["updated_at", "2015-10-02 20:41:52.036800"]]
  [1m[35m (4.0ms)[0m  commit transaction
  [1m[36m (0.1ms)[0m  [1mbegin transaction[0m
  [1m[35mSQL (0.6ms)[0m  INSERT INTO "todos" ("created_at", "finished", "tasks", "updated_at") VALUES (?, ?, ?, ?)  [["created_at", "2015-10-02 20:41:59.831741"], ["finished", "f"], ["tasks", "HW4"], ["updated_at", "2015-10-02 20:41:59.831741"]]
  [1m[36m (2.9ms)[0m  [1mcommit transaction[0m


Started GET "/" for 127.0.0.1 at 2015-10-02 13:42:09 -0700
  [1m[35mActiveRecord::SchemaMigration Load (0.2ms)[0m  SELECT "schema_migrations".* FROM "schema_migrations"
Processing by PagesController#home as HTML
  [1m[36mUser Load (0.1ms)[0m  [1mSELECT "users".* FROM "users"[0m
  [1m[35mCat Load (0.1ms)[0m  SELECT "cats".* FROM "cats"
  [1m[36mTodo Load (0.2ms)[0m  [1mSELECT "todos".* FROM "todos"[0m
  Rendered pages/home.html.erb within layouts/application (13.4ms)
Completed 500 Internal Server Error in 23ms

ActionView::Template::Error (undefined method `task' for #<Todo:0x007fc7c0470b00>):
    49: 
    50:    <% @todos.each do |todo| %>
    51:   <tr>
    52:     <td><%= todo.task %></td>
    53:     <td><%= todo.finished %></td>
    54:   </tr>
    55:   <% end %>
  app/views/pages/home.html.erb:52:in `block in _app_views_pages_home_html_erb___1956767894478974396_70247950897380'
  app/views/pages/home.html.erb:50:in `_app_views_pages_home_html_erb___1956767894478974396_70247950897380'


  Rendered /Users/Chris/.rvm/gems/ruby-2.2.0@rails_decal/gems/actionpack-4.1.5/lib/action_dispatch/middleware/templates/rescues/_trace.html.erb (1.2ms)
  Rendered /Users/Chris/.rvm/gems/ruby-2.2.0@rails_decal/gems/actionpack-4.1.5/lib/action_dispatch/middleware/templates/rescues/_request_and_response.html.erb (1.0ms)
  Rendered /Users/Chris/.rvm/gems/ruby-2.2.0@rails_decal/gems/actionpack-4.1.5/lib/action_dispatch/middleware/templates/rescues/template_error.html.erb within rescues/layout (49.7ms)
  Rendered /Users/Chris/.rvm/gems/ruby-2.2.0@rails_decal/gems/web-console-2.2.1/lib/web_console/templates/_markup.html.erb (0.5ms)
  Rendered /Users/Chris/.rvm/gems/ruby-2.2.0@rails_decal/gems/web-console-2.2.1/lib/web_console/templates/_inner_console_markup.html.erb within layouts/inlined_string (0.6ms)
  Rendered /Users/Chris/.rvm/gems/ruby-2.2.0@rails_decal/gems/web-console-2.2.1/lib/web_console/templates/_prompt_box_markup.html.erb within layouts/inlined_string (0.7ms)
  Rendered /Users/Chris/.rvm/gems/ruby-2.2.0@rails_decal/gems/web-console-2.2.1/lib/web_console/templates/style.css.erb within layouts/inlined_string (0.4ms)
  Rendered /Users/Chris/.rvm/gems/ruby-2.2.0@rails_decal/gems/web-console-2.2.1/lib/web_console/templates/console.js.erb within layouts/javascript (70.9ms)
  Rendered /Users/Chris/.rvm/gems/ruby-2.2.0@rails_decal/gems/web-console-2.2.1/lib/web_console/templates/main.js.erb within layouts/javascript (0.6ms)
  Rendered /Users/Chris/.rvm/gems/ruby-2.2.0@rails_decal/gems/web-console-2.2.1/lib/web_console/templates/error_page.js.erb within layouts/javascript (0.4ms)
  Rendered /Users/Chris/.rvm/gems/ruby-2.2.0@rails_decal/gems/web-console-2.2.1/lib/web_console/templates/index.html.erb (147.0ms)


Started GET "/" for 127.0.0.1 at 2015-10-02 13:42:30 -0700
Processing by PagesController#home as HTML
  [1m[35mUser Load (0.2ms)[0m  SELECT "users".* FROM "users"
  [1m[36mCat Load (0.1ms)[0m  [1mSELECT "cats".* FROM "cats"[0m
  [1m[35mTodo Load (0.1ms)[0m  SELECT "todos".* FROM "todos"
  Rendered pages/home.html.erb within layouts/application (2.8ms)
Completed 200 OK in 39ms (Views: 37.5ms | ActiveRecord: 0.4ms)


Started GET "/assets/application.self-e80e8f2318043e8af94dddc2adad5a4f09739a8ebb323b3ab31cd71d45fd9113.css?body=1" for 127.0.0.1 at 2015-10-02 13:42:30 -0700


Started GET "/assets/jquery.self-4c7649dd655c61cb850cfd2e71f937c3bbf3e3a752a3499ed8bb9884473fe1dd.js?body=1" for 127.0.0.1 at 2015-10-02 13:42:30 -0700


Started GET "/assets/jquery_ujs.self-82819b9f2de121124a614eeab50287468ad6f4b1ef4437925a7832ffbdf2cce9.js?body=1" for 127.0.0.1 at 2015-10-02 13:42:30 -0700


Started GET "/assets/turbolinks.self-c37727e9bd6b2735da5c311aa83fead54ed0be6cc8bd9a65309e9c5abe2cbfff.js?body=1" for 127.0.0.1 at 2015-10-02 13:42:30 -0700


Started GET "/assets/application.self-3a3c8b61bda630ee689740ce7cbd0dd8ea6fdd45e2c42eef4661ab38cf268afe.js?body=1" for 127.0.0.1 at 2015-10-02 13:42:30 -0700
